[01m[K/home/user/ros2_ws/src/cpp_pkg/src/simple_node.cpp:1:10:[m[K [01;31m[Kfatal error: [m[Krclcpp/rclcpp.hpp: No such file or directory
    1 | #include [01;31m[K"rclcpp/rclcpp.hpp"[m[K
      |          [01;31m[K^~~~~~~~~~~~~~~~~~~[m[K
compilation terminated.
gmake[2]: *** [CMakeFiles/simple_node_cpp.dir/build.make:76: CMakeFiles/simple_node_cpp.dir/src/simple_node.cpp.o] Error 1
gmake[1]: *** [CMakeFiles/Makefile2:137: CMakeFiles/simple_node_cpp.dir/all] Error 2
gmake: *** [Makefile:146: all] Error 2
