[0.000000] (-) TimerEvent: {}
[0.001000] (my_ros2_pkg) JobQueued: {'identifier': 'my_ros2_pkg', 'dependencies': OrderedDict()}
[0.001299] (my_ros2_pkg) JobStarted: {'identifier': 'my_ros2_pkg'}
[0.030966] (my_ros2_pkg) JobProgress: {'identifier': 'my_ros2_pkg', 'progress': 'cmake'}
[0.031408] (my_ros2_pkg) Command: {'cmd': ['/usr/bin/cmake', '/home/user/ros2_ws/src/my_ros2_pkg', '-DCMAKE_INSTALL_PREFIX=/home/user/ros2_ws/src/install/my_ros2_pkg'], 'cwd': '/home/user/ros2_ws/src/build/my_ros2_pkg', 'env': OrderedDict([('ROS_VERSION', '2'), ('NVIDIA_VISIBLE_DEVICES', 'all'), ('GAZEBO_MASTER_URI', 'http://4_xterm:11345'), ('ROS_PYTHON_VERSION', '3'), ('HOSTNAME', '4_xterm'), ('PWD', '/home/user/ros2_ws/src/build/my_ros2_pkg'), ('PORT', '4000'), ('NVIDIA_DRIVER_CAPABILITIES', 'all'), ('ROS_IP', ''), ('HOME', '/home/user'), ('GAZEBO_PLUGIN_PATH', '/usr/lib/x86_64-linux-gnu/gazebo-11/plugins:/usr/lib/x86_64-linux-gnu/gazebo-11/plugins:'), ('LANG', 'en_US.UTF-8'), ('GAZEBO_MODEL_DATABASE_URI', 'http://models.gazebosim.org'), ('LS_COLORS', 'rs=0:di=01;34:ln=01;36:mh=00:pi=40;33:so=01;35:do=01;35:bd=40;33;01:cd=40;33;01:or=40;31;01:mi=00:su=37;41:sg=30;43:ca=30;41:tw=30;42:ow=34;42:st=37;44:ex=01;32:*.tar=01;31:*.tgz=01;31:*.arc=01;31:*.arj=01;31:*.taz=01;31:*.lha=01;31:*.lz4=01;31:*.lzh=01;31:*.lzma=01;31:*.tlz=01;31:*.txz=01;31:*.tzo=01;31:*.t7z=01;31:*.zip=01;31:*.z=01;31:*.dz=01;31:*.gz=01;31:*.lrz=01;31:*.lz=01;31:*.lzo=01;31:*.xz=01;31:*.zst=01;31:*.tzst=01;31:*.bz2=01;31:*.bz=01;31:*.tbz=01;31:*.tbz2=01;31:*.tz=01;31:*.deb=01;31:*.rpm=01;31:*.jar=01;31:*.war=01;31:*.ear=01;31:*.sar=01;31:*.rar=01;31:*.alz=01;31:*.ace=01;31:*.zoo=01;31:*.cpio=01;31:*.7z=01;31:*.rz=01;31:*.cab=01;31:*.wim=01;31:*.swm=01;31:*.dwm=01;31:*.esd=01;31:*.jpg=01;35:*.jpeg=01;35:*.mjpg=01;35:*.mjpeg=01;35:*.gif=01;35:*.bmp=01;35:*.pbm=01;35:*.pgm=01;35:*.ppm=01;35:*.tga=01;35:*.xbm=01;35:*.xpm=01;35:*.tif=01;35:*.tiff=01;35:*.png=01;35:*.svg=01;35:*.svgz=01;35:*.mng=01;35:*.pcx=01;35:*.mov=01;35:*.mpg=01;35:*.mpeg=01;35:*.m2v=01;35:*.mkv=01;35:*.webm=01;35:*.webp=01;35:*.ogm=01;35:*.mp4=01;35:*.m4v=01;35:*.mp4v=01;35:*.vob=01;35:*.qt=01;35:*.nuv=01;35:*.wmv=01;35:*.asf=01;35:*.rm=01;35:*.rmvb=01;35:*.flc=01;35:*.avi=01;35:*.fli=01;35:*.flv=01;35:*.gl=01;35:*.dl=01;35:*.xcf=01;35:*.xwd=01;35:*.yuv=01;35:*.cgm=01;35:*.emf=01;35:*.ogv=01;35:*.ogx=01;35:*.aac=00;36:*.au=00;36:*.flac=00;36:*.m4a=00;36:*.mid=00;36:*.midi=00;36:*.mka=00;36:*.mp3=00;36:*.mpc=00;36:*.ogg=00;36:*.ra=00;36:*.wav=00;36:*.oga=00;36:*.opus=00;36:*.spx=00;36:*.xspf=00;36:'), ('AMENT_PREFIX_PATH', '/home/simulations/ros2_sims_ws/install/common_interfaces:/home/simulations/ros2_sims_ws/install/visualization_msgs:/home/simulations/ros2_sims_ws/install/rclrs_tests:/home/simulations/ros2_sims_ws/install/test_msgs:/home/simulations/ros2_sims_ws/install/examples_rclrs_minimal_client_service:/home/simulations/ros2_sims_ws/install/example_interfaces:/home/simulations/ros2_sims_ws/install/action_msgs:/home/simulations/ros2_sims_ws/install/unique_identifier_msgs:/home/simulations/ros2_sims_ws/install/trajectory_msgs:/home/simulations/ros2_sims_ws/install/test_interface_files:/home/simulations/ros2_sims_ws/install/stereo_msgs:/home/simulations/ros2_sims_ws/install/std_srvs:/home/simulations/ros2_sims_ws/install/shape_msgs:/home/simulations/ros2_sims_ws/install/sensor_msgs_py:/home/simulations/ros2_sims_ws/install/sensor_msgs:/home/simulations/ros2_sims_ws/install/nav_msgs:/home/simulations/ros2_sims_ws/install/diagnostic_msgs:/home/simulations/ros2_sims_ws/install/geometry_msgs:/home/simulations/ros2_sims_ws/install/examples_rclrs_minimal_pub_sub:/home/simulations/ros2_sims_ws/install/actionlib_msgs:/home/simulations/ros2_sims_ws/install/std_msgs:/home/simulations/ros2_sims_ws/install/statistics_msgs:/home/simulations/ros2_sims_ws/install/rosgraph_msgs:/home/simulations/ros2_sims_ws/install/examples_rclrs_message_demo:/home/simulations/ros2_sims_ws/install/rclrs_example_msgs:/home/simulations/ros2_sims_ws/install/rclrs:/home/simulations/ros2_sims_ws/install/composition_interfaces:/home/simulations/ros2_sims_ws/install/rcl_interfaces:/home/simulations/ros2_sims_ws/install/lifecycle_msgs:/home/simulations/ros2_sims_ws/install/builtin_interfaces:/home/simulations/ros2_sims_ws/install/rosidl_default_runtime:/home/simulations/ros2_sims_ws/install/rosidl_default_generators:/home/simulations/ros2_sims_ws/install/rosidl_generator_rs:/home/simulations/ros2_sims_ws/install/rosidl_runtime_rs:/opt/ros/humble'), ('CMAKE_PREFIX_PATH', '/home/simulations/ros2_sims_ws/install/common_interfaces:/home/simulations/ros2_sims_ws/install/visualization_msgs:/home/simulations/ros2_sims_ws/install/test_msgs:/home/simulations/ros2_sims_ws/install/example_interfaces:/home/simulations/ros2_sims_ws/install/action_msgs:/home/simulations/ros2_sims_ws/install/unique_identifier_msgs:/home/simulations/ros2_sims_ws/install/trajectory_msgs:/home/simulations/ros2_sims_ws/install/test_interface_files:/home/simulations/ros2_sims_ws/install/stereo_msgs:/home/simulations/ros2_sims_ws/install/std_srvs:/home/simulations/ros2_sims_ws/install/shape_msgs:/home/simulations/ros2_sims_ws/install/sensor_msgs:/home/simulations/ros2_sims_ws/install/nav_msgs:/home/simulations/ros2_sims_ws/install/diagnostic_msgs:/home/simulations/ros2_sims_ws/install/geometry_msgs:/home/simulations/ros2_sims_ws/install/actionlib_msgs:/home/simulations/ros2_sims_ws/install/std_msgs:/home/simulations/ros2_sims_ws/install/statistics_msgs:/home/simulations/ros2_sims_ws/install/rosgraph_msgs:/home/simulations/ros2_sims_ws/install/rclrs_example_msgs:/home/simulations/ros2_sims_ws/install/composition_interfaces:/home/simulations/ros2_sims_ws/install/rcl_interfaces:/home/simulations/ros2_sims_ws/install/lifecycle_msgs:/home/simulations/ros2_sims_ws/install/builtin_interfaces:/home/simulations/ros2_sims_ws/install/rosidl_default_runtime:/home/simulations/ros2_sims_ws/install/rosidl_default_generators:/home/simulations/ros2_sims_ws/install/rosidl_generator_rs:/home/simulations/ros2_sims_ws/install/rclrs_tests:/home/simulations/ros2_sims_ws/install/examples_rclrs_minimal_client_service:/home/simulations/ros2_sims_ws/install/sensor_msgs_py:/home/simulations/ros2_sims_ws/install/examples_rclrs_minimal_pub_sub:/home/simulations/ros2_sims_ws/install/examples_rclrs_message_demo:/home/simulations/ros2_sims_ws/install/rclrs:/home/simulations/ros2_sims_ws/install/rosidl_runtime_rs:/opt/ros/humble'), ('GAZEBO_RESOURCE_PATH', '/usr/share/gazebo-11:/usr/share/gazebo-11:/usr/share/gazebo'), ('COLCON_PREFIX_PATH', '/home/simulations/ros2_sims_ws/install:/home/user/ros2_ws/install'), ('GAZEBO_MASTER_PORT', '11345'), ('NVM_DIR', '/usr/local/share/shell/.nvm'), ('LESSCLOSE', '/usr/bin/lesspipe %s %s'), ('PYTHONPATH', '/home/simulations/ros2_sims_ws/install/visualization_msgs/local/lib/python3.10/dist-packages:/home/simulations/ros2_sims_ws/install/test_msgs/local/lib/python3.10/dist-packages:/home/simulations/ros2_sims_ws/install/example_interfaces/local/lib/python3.10/dist-packages:/home/simulations/ros2_sims_ws/install/action_msgs/local/lib/python3.10/dist-packages:/home/simulations/ros2_sims_ws/install/unique_identifier_msgs/local/lib/python3.10/dist-packages:/home/simulations/ros2_sims_ws/install/trajectory_msgs/local/lib/python3.10/dist-packages:/home/simulations/ros2_sims_ws/install/stereo_msgs/local/lib/python3.10/dist-packages:/home/simulations/ros2_sims_ws/install/std_srvs/local/lib/python3.10/dist-packages:/home/simulations/ros2_sims_ws/install/shape_msgs/local/lib/python3.10/dist-packages:/home/simulations/ros2_sims_ws/install/sensor_msgs_py/lib/python3.10/site-packages:/home/simulations/ros2_sims_ws/install/sensor_msgs/local/lib/python3.10/dist-packages:/home/simulations/ros2_sims_ws/install/nav_msgs/local/lib/python3.10/dist-packages:/home/simulations/ros2_sims_ws/install/diagnostic_msgs/local/lib/python3.10/dist-packages:/home/simulations/ros2_sims_ws/install/geometry_msgs/local/lib/python3.10/dist-packages:/home/simulations/ros2_sims_ws/install/actionlib_msgs/local/lib/python3.10/dist-packages:/home/simulations/ros2_sims_ws/install/std_msgs/local/lib/python3.10/dist-packages:/home/simulations/ros2_sims_ws/install/statistics_msgs/local/lib/python3.10/dist-packages:/home/simulations/ros2_sims_ws/install/rosgraph_msgs/local/lib/python3.10/dist-packages:/home/simulations/ros2_sims_ws/install/rclrs_example_msgs/local/lib/python3.10/dist-packages:/home/simulations/ros2_sims_ws/install/composition_interfaces/local/lib/python3.10/dist-packages:/home/simulations/ros2_sims_ws/install/rcl_interfaces/local/lib/python3.10/dist-packages:/home/simulations/ros2_sims_ws/install/lifecycle_msgs/local/lib/python3.10/dist-packages:/home/simulations/ros2_sims_ws/install/builtin_interfaces/local/lib/python3.10/dist-packages:/home/simulations/ros2_sims_ws/install/rosidl_generator_rs/local/lib/python3.10/dist-packages:/opt/ros/humble/lib/python3.10/site-packages:/opt/ros/humble/local/lib/python3.10/dist-packages:/home/simulations/public_sim_ws/src/all/ros_basics_examples/python_course_class:/home/simulations/public_sim_ws/src/ros_basics_examples/python_course_class:/home/simulations/public_sim_ws/src/all/kinematics_course_utils/kinematics'), ('COLCON', '1'), ('TERM', 'xterm-color'), ('LESSOPEN', '| /usr/bin/lesspipe %s'), ('SNAPCRAFT_BUILD_ENVIRONMENT', 'host'), ('GAZEBO_MASTER_HOSTNAME', '4_xterm'), ('DISPLAY', ':1'), ('SHLVL', '2'), ('NVM_CD_FLAGS', ''), ('ROS_MASTER_URI', 'http://4_xterm:11311'), ('ROS_HOSTNAME', '4_xterm'), ('LD_LIBRARY_PATH', '/usr/local/cuda-10.2/lib64:/home/user/.catkin_ws_python3/src/TensorRT-7.0.0.11/lib:/home/simulations/ros2_sims_ws/install/visualization_msgs/lib:/home/simulations/ros2_sims_ws/install/test_msgs/lib:/home/simulations/ros2_sims_ws/install/example_interfaces/lib:/home/simulations/ros2_sims_ws/install/action_msgs/lib:/home/simulations/ros2_sims_ws/install/unique_identifier_msgs/lib:/home/simulations/ros2_sims_ws/install/trajectory_msgs/lib:/home/simulations/ros2_sims_ws/install/stereo_msgs/lib:/home/simulations/ros2_sims_ws/install/std_srvs/lib:/home/simulations/ros2_sims_ws/install/shape_msgs/lib:/home/simulations/ros2_sims_ws/install/sensor_msgs/lib:/home/simulations/ros2_sims_ws/install/nav_msgs/lib:/home/simulations/ros2_sims_ws/install/diagnostic_msgs/lib:/home/simulations/ros2_sims_ws/install/geometry_msgs/lib:/home/simulations/ros2_sims_ws/install/actionlib_msgs/lib:/home/simulations/ros2_sims_ws/install/std_msgs/lib:/home/simulations/ros2_sims_ws/install/statistics_msgs/lib:/home/simulations/ros2_sims_ws/install/rosgraph_msgs/lib:/home/simulations/ros2_sims_ws/install/rclrs_example_msgs/lib:/home/simulations/ros2_sims_ws/install/composition_interfaces/lib:/home/simulations/ros2_sims_ws/install/rcl_interfaces/lib:/home/simulations/ros2_sims_ws/install/lifecycle_msgs/lib:/home/simulations/ros2_sims_ws/install/builtin_interfaces/lib:/opt/ros/humble/opt/rviz_ogre_vendor/lib:/opt/ros/humble/lib/x86_64-linux-gnu:/opt/ros/humble/lib:/usr/local/cuda-10.2/lib64:/home/user/.catkin_ws_python3/src/TensorRT-7.0.0.11/lib::/usr/lib/x86_64-linux-gnu/gazebo-11/plugins::/usr/lib/x86_64-linux-gnu/gazebo-11/plugins:/usr/lib/x86_64-linux-gnu/gazebo-11/plugins:'), ('ROS_LOCALHOST_ONLY', '0'), ('SLOT_SHELL_START_ID', '832499'), ('SLOT_PREFIX', '1b58f156-ebd6-4fb6-af04-69453cc48dc8'), ('LC_ALL', 'C'), ('SOURCE_ROS1_WS', ''), ('GAZEBO_MODEL_PATH', '/usr/share/gazebo-11/models:/usr/share/gazebo-11/models:/usr/share/gazebo-9/models:/usr/share/gazebo/models_robox'), ('SLOT_JENKINS_PORT', '25986'), ('SLOT_SYSTEMD', 'False'), ('PATH', '/opt/ros/humble/bin:/usr/local/share/shell/.nvm/versions/node/v8.17.0/bin:/usr/local/sbin:/usr/local/bin:/usr/sbin:/usr/bin:/sbin:/bin:/home/user/.cargo/bin:/home/user/.cargo/bin'), ('SELECTED_ROS_DISTRO', 'humble'), ('NVM_BIN', '/usr/local/share/shell/.nvm/versions/node/v8.17.0/bin'), ('NODE_VERSION', 'v8.17.0'), ('DEBIAN_FRONTEND', 'noninteractive'), ('ROS_DISTRO', 'humble'), ('GAZEBO_VERBOSE', '0'), ('OGRE_RESOURCE_PATH', '/usr/lib/x86_64-linux-gnu/OGRE-1.9.0'), ('OLDPWD', '/home/user/ros2_ws'), ('SOURCE_ROS2_WS', 'True'), ('SLOT_ROSBRIDGE_PORT', '20004'), ('_', '/usr/bin/env')]), 'shell': False}
[0.099670] (-) TimerEvent: {}
[0.154503] (my_ros2_pkg) StdoutLine: {'line': b'-- The C compiler identification is GNU 11.4.0\n'}
[0.200068] (-) TimerEvent: {}
[0.242457] (my_ros2_pkg) StdoutLine: {'line': b'-- The CXX compiler identification is GNU 11.4.0\n'}
[0.254924] (my_ros2_pkg) StdoutLine: {'line': b'-- Detecting C compiler ABI info\n'}
[0.300564] (-) TimerEvent: {}
[0.390901] (my_ros2_pkg) StdoutLine: {'line': b'-- Detecting C compiler ABI info - done\n'}
[0.400655] (-) TimerEvent: {}
[0.404680] (my_ros2_pkg) StdoutLine: {'line': b'-- Check for working C compiler: /usr/bin/cc - skipped\n'}
[0.405025] (my_ros2_pkg) StdoutLine: {'line': b'-- Detecting C compile features\n'}
[0.405491] (my_ros2_pkg) StdoutLine: {'line': b'-- Detecting C compile features - done\n'}
[0.409703] (my_ros2_pkg) StdoutLine: {'line': b'-- Detecting CXX compiler ABI info\n'}
[0.500782] (-) TimerEvent: {}
[0.555022] (my_ros2_pkg) StdoutLine: {'line': b'-- Detecting CXX compiler ABI info - done\n'}
[0.569870] (my_ros2_pkg) StdoutLine: {'line': b'-- Check for working CXX compiler: /usr/bin/c++ - skipped\n'}
[0.570169] (my_ros2_pkg) StdoutLine: {'line': b'-- Detecting CXX compile features\n'}
[0.570418] (my_ros2_pkg) StdoutLine: {'line': b'-- Detecting CXX compile features - done\n'}
[0.586896] (my_ros2_pkg) StdoutLine: {'line': b'-- Found ament_cmake: 1.3.8 (/opt/ros/humble/share/ament_cmake/cmake)\n'}
[0.601104] (-) TimerEvent: {}
[0.701544] (-) TimerEvent: {}
[0.802306] (-) TimerEvent: {}
[0.902712] (-) TimerEvent: {}
[0.927161] (my_ros2_pkg) StdoutLine: {'line': b'-- Found Python3: /usr/bin/python3 (found version "3.10.12") found components: Interpreter \n'}
[1.002838] (-) TimerEvent: {}
[1.103168] (-) TimerEvent: {}
[1.203988] (-) TimerEvent: {}
[1.275721] (my_ros2_pkg) StdoutLine: {'line': b'-- Found rclcpp: 16.0.8 (/opt/ros/humble/share/rclcpp/cmake)\n'}
[1.304118] (-) TimerEvent: {}
[1.404504] (-) TimerEvent: {}
[1.504898] (-) TimerEvent: {}
[1.605311] (-) TimerEvent: {}
[1.705702] (-) TimerEvent: {}
[1.806075] (-) TimerEvent: {}
[1.906427] (-) TimerEvent: {}
[2.006808] (-) TimerEvent: {}
[2.035392] (my_ros2_pkg) CommandEnded: {'returncode': -2}
[2.106927] (-) TimerEvent: {}
[2.149366] (my_ros2_pkg) StderrLine: {'line': b'Traceback (most recent call last):\n  File "/usr/lib/python3/dist-packages/colcon_parallel_executor/executor/parallel.py", line 75, in execute\n    loop.run_until_complete(future)\n  File "/usr/lib/python3.10/asyncio/base_events.py", line 636, in run_until_complete\n    self.run_forever()\n  File "/usr/lib/python3.10/asyncio/base_events.py", line 603, in run_forever\n    self._run_once()\n  File "/usr/lib/python3.10/asyncio/base_events.py", line 1871, in _run_once\n    event_list = self._selector.select(timeout)\n  File "/usr/lib/python3.10/selectors.py", line 469, in select\n    fd_event_list = self._selector.poll(timeout, max_ev)\nKeyboardInterrupt\n\nDuring handling of the above exception, another exception occurred:\n\nTraceback (most recent call last):\n  File "/usr/lib/python3/dist-packages/colcon_core/executor/__init__.py", line 91, in __call__\n    rc = await self.task(*args, **kwargs)\n  File "/usr/lib/python3/dist-packages/colcon_core/task/__init__.py", line 93, in __call__\n    return await task_method(*args, **kwargs)\n  File "/usr/lib/python3/dist-packages/colcon_ros/task/ament_cmake/build.py", line 59, in build\n    rc = await extension.build(\n  File "/usr/lib/python3/dist-packages/colcon_cmake/task/cmake/build.py", line 87, in build\n    rc = await self._reconfigure(args, env)\n  File "/usr/lib/python3/dist-packages/colcon_cmake/task/cmake/build.py", line 182, in _reconfigure\n    buildfile = get_buildfile(cmake_cache)\n  File "/usr/lib/python3/dist-packages/colcon_cmake/task/cmake/__init__.py", line 114, in get_buildfile\n    if \'Visual Studio\' in generator:\nTypeError: argument of type \'NoneType\' is not iterable\n'}
[2.149692] (my_ros2_pkg) JobEnded: {'identifier': 'my_ros2_pkg', 'rc': 'SIGINT'}
[2.160007] (-) EventReactorShutdown: {}
